<?xml version="1.0" encoding="UTF-8"?>
<!-- Generated by org.testng.reporters.JUnitXMLReporter -->
<testsuite ignored="0" hostname="Hare-Krishna" failures="0" tests="4" name="Default test" time="0.084" errors="0" timestamp="2022-12-04T19:17:10 IST">
  <testcase classname="com.actitime.generic.CustomerModule1" name="deleteCustomer" time="0.007"/>
  <testcase classname="com.actitime.generic.CustomerModule1" name="registerCustomer" time="0.001"/>
  <testcase classname="com.actitime.generic.CustomerModule1" name="editCustomer" time="0.002"/>
  <testcase classname="com.actitime.generic.CustomerModule1" name="editCustomer" time="0.002"/>
</testsuite> <!-- Default test -->
