<?xml version="1.0" encoding="UTF-8"?>
<testng-results ignored="0" total="4" passed="4" failed="0" skipped="0">
  <reporter-output>
    <line>
      <![CDATA[openBrowser]]>
    </line>
    <line>
      <![CDATA[login]]>
    </line>
    <line>
      <![CDATA[deleteCustomer]]>
    </line>
    <line>
      <![CDATA[logout]]>
    </line>
    <line>
      <![CDATA[login]]>
    </line>
    <line>
      <![CDATA[register Customer]]>
    </line>
    <line>
      <![CDATA[logout]]>
    </line>
    <line>
      <![CDATA[login]]>
    </line>
    <line>
      <![CDATA[editCustomer]]>
    </line>
    <line>
      <![CDATA[logout]]>
    </line>
    <line>
      <![CDATA[login]]>
    </line>
    <line>
      <![CDATA[editCustomer]]>
    </line>
    <line>
      <![CDATA[logout]]>
    </line>
    <line>
      <![CDATA[closeBrowser]]>
    </line>
  </reporter-output>
  <suite started-at="2022-12-04T19:17:10 IST" name="Default suite" finished-at="2022-12-04T19:17:10 IST" duration-ms="84">
    <groups>
    </groups>
    <test started-at="2022-12-04T19:17:10 IST" name="Default test" finished-at="2022-12-04T19:17:10 IST" duration-ms="84">
      <class name="com.actitime.generic.CustomerModule1">
        <test-method is-config="true" signature="openBrowser()[pri:0, instance:com.actitime.generic.CustomerModule1@fa49800]" started-at="2022-12-04T19:17:10 IST" name="openBrowser" finished-at="2022-12-04T19:17:10 IST" duration-ms="18" status="PASS">
          <reporter-output>
            <line>
              <![CDATA[openBrowser]]>
            </line>
          </reporter-output>
        </test-method> <!-- openBrowser -->
        <test-method is-config="true" signature="login()[pri:0, instance:com.actitime.generic.CustomerModule1@fa49800]" started-at="2022-12-04T19:17:10 IST" name="login" finished-at="2022-12-04T19:17:10 IST" duration-ms="0" status="PASS">
          <reporter-output>
            <line>
              <![CDATA[login]]>
            </line>
          </reporter-output>
        </test-method> <!-- login -->
        <test-method signature="deleteCustomer()[pri:0, instance:com.actitime.generic.CustomerModule1@fa49800]" started-at="2022-12-04T19:17:10 IST" name="deleteCustomer" finished-at="2022-12-04T19:17:10 IST" duration-ms="7" status="PASS">
          <reporter-output>
            <line>
              <![CDATA[deleteCustomer]]>
            </line>
          </reporter-output>
        </test-method> <!-- deleteCustomer -->
        <test-method is-config="true" signature="logout()[pri:0, instance:com.actitime.generic.CustomerModule1@fa49800]" started-at="2022-12-04T19:17:10 IST" name="logout" finished-at="2022-12-04T19:17:10 IST" duration-ms="1" status="PASS">
          <reporter-output>
            <line>
              <![CDATA[logout]]>
            </line>
          </reporter-output>
        </test-method> <!-- logout -->
        <test-method is-config="true" signature="login()[pri:0, instance:com.actitime.generic.CustomerModule1@fa49800]" started-at="2022-12-04T19:17:10 IST" name="login" finished-at="2022-12-04T19:17:10 IST" duration-ms="1" status="PASS">
          <reporter-output>
            <line>
              <![CDATA[login]]>
            </line>
          </reporter-output>
        </test-method> <!-- login -->
        <test-method signature="registerCustomer()[pri:0, instance:com.actitime.generic.CustomerModule1@fa49800]" started-at="2022-12-04T19:17:10 IST" name="registerCustomer" finished-at="2022-12-04T19:17:10 IST" duration-ms="1" status="PASS">
          <reporter-output>
            <line>
              <![CDATA[register Customer]]>
            </line>
          </reporter-output>
        </test-method> <!-- registerCustomer -->
        <test-method is-config="true" signature="logout()[pri:0, instance:com.actitime.generic.CustomerModule1@fa49800]" started-at="2022-12-04T19:17:10 IST" name="logout" finished-at="2022-12-04T19:17:10 IST" duration-ms="0" status="PASS">
          <reporter-output>
            <line>
              <![CDATA[logout]]>
            </line>
          </reporter-output>
        </test-method> <!-- logout -->
        <test-method signature="editCustomer()[pri:1, instance:com.actitime.generic.CustomerModule1@fa49800]" started-at="2022-12-04T19:17:10 IST" name="editCustomer" finished-at="2022-12-04T19:17:10 IST" duration-ms="2" status="PASS">
          <reporter-output>
            <line>
              <![CDATA[editCustomer]]>
            </line>
          </reporter-output>
        </test-method> <!-- editCustomer -->
        <test-method is-config="true" signature="login()[pri:0, instance:com.actitime.generic.CustomerModule1@fa49800]" started-at="2022-12-04T19:17:10 IST" name="login" finished-at="2022-12-04T19:17:10 IST" duration-ms="0" status="PASS">
          <reporter-output>
            <line>
              <![CDATA[login]]>
            </line>
          </reporter-output>
        </test-method> <!-- login -->
        <test-method is-config="true" signature="logout()[pri:0, instance:com.actitime.generic.CustomerModule1@fa49800]" started-at="2022-12-04T19:17:10 IST" name="logout" finished-at="2022-12-04T19:17:10 IST" duration-ms="0" status="PASS">
          <reporter-output>
            <line>
              <![CDATA[logout]]>
            </line>
          </reporter-output>
        </test-method> <!-- logout -->
        <test-method is-config="true" signature="login()[pri:0, instance:com.actitime.generic.CustomerModule1@fa49800]" started-at="2022-12-04T19:17:10 IST" name="login" finished-at="2022-12-04T19:17:10 IST" duration-ms="0" status="PASS">
          <reporter-output>
            <line>
              <![CDATA[login]]>
            </line>
          </reporter-output>
        </test-method> <!-- login -->
        <test-method signature="editCustomer()[pri:1, instance:com.actitime.generic.CustomerModule1@fa49800]" started-at="2022-12-04T19:17:10 IST" name="editCustomer" finished-at="2022-12-04T19:17:10 IST" duration-ms="2" status="PASS">
          <reporter-output>
            <line>
              <![CDATA[editCustomer]]>
            </line>
          </reporter-output>
        </test-method> <!-- editCustomer -->
        <test-method is-config="true" signature="logout()[pri:0, instance:com.actitime.generic.CustomerModule1@fa49800]" started-at="2022-12-04T19:17:10 IST" name="logout" finished-at="2022-12-04T19:17:10 IST" duration-ms="1" status="PASS">
          <reporter-output>
            <line>
              <![CDATA[logout]]>
            </line>
          </reporter-output>
        </test-method> <!-- logout -->
        <test-method is-config="true" signature="closeBrowser()[pri:0, instance:com.actitime.generic.CustomerModule1@fa49800]" started-at="2022-12-04T19:17:10 IST" name="closeBrowser" finished-at="2022-12-04T19:17:10 IST" duration-ms="0" status="PASS">
          <reporter-output>
            <line>
              <![CDATA[closeBrowser]]>
            </line>
          </reporter-output>
        </test-method> <!-- closeBrowser -->
      </class> <!-- com.actitime.generic.CustomerModule1 -->
    </test> <!-- Default test -->
  </suite> <!-- Default suite -->
</testng-results>
